[0.864s] Invoking command in '/home/jji06/sim_ws/src/f1tenth_gym_ros': PYTHONPATH=/home/jji06/sim_ws/build/f1tenth_gym_ros/prefix_override:/usr/lib/python3/dist-packages/colcon_core/task/python/colcon_distutils_commands:/home/jji06/sim_ws/install/f1tenth_gym_ros/lib/python3.8/site-packages:${PYTHONPATH} /usr/bin/python3 -W ignore:setup.py install is deprecated -W ignore:easy_install command is deprecated setup.py egg_info --egg-base ../../build/f1tenth_gym_ros build --build-base /home/jji06/sim_ws/build/f1tenth_gym_ros/build install --record /home/jji06/sim_ws/build/f1tenth_gym_ros/install.log --single-version-externally-managed install_data
[1.051s] running egg_info
[1.052s] writing ../../build/f1tenth_gym_ros/f1tenth_gym_ros.egg-info/PKG-INFO
[1.053s] writing dependency_links to ../../build/f1tenth_gym_ros/f1tenth_gym_ros.egg-info/dependency_links.txt
[1.053s] writing entry points to ../../build/f1tenth_gym_ros/f1tenth_gym_ros.egg-info/entry_points.txt
[1.053s] writing requirements to ../../build/f1tenth_gym_ros/f1tenth_gym_ros.egg-info/requires.txt
[1.054s] writing top-level names to ../../build/f1tenth_gym_ros/f1tenth_gym_ros.egg-info/top_level.txt
[1.084s] reading manifest file '../../build/f1tenth_gym_ros/f1tenth_gym_ros.egg-info/SOURCES.txt'
[1.085s] writing manifest file '../../build/f1tenth_gym_ros/f1tenth_gym_ros.egg-info/SOURCES.txt'
[1.085s] running build
[1.085s] running build_py
[1.085s] running install
[1.086s] running install_lib
[1.087s] running install_data
[1.088s] running install_egg_info
[1.089s] removing '/home/jji06/sim_ws/install/f1tenth_gym_ros/lib/python3.8/site-packages/f1tenth_gym_ros-0.0.0-py3.8.egg-info' (and everything under it)
[1.089s] Copying ../../build/f1tenth_gym_ros/f1tenth_gym_ros.egg-info to /home/jji06/sim_ws/install/f1tenth_gym_ros/lib/python3.8/site-packages/f1tenth_gym_ros-0.0.0-py3.8.egg-info
[1.095s] running install_scripts
[1.116s] Installing gym_bridge script to /home/jji06/sim_ws/install/f1tenth_gym_ros/lib/f1tenth_gym_ros
[1.116s] writing list of installed files to '/home/jji06/sim_ws/build/f1tenth_gym_ros/install.log'
[1.151s] Invoked command in '/home/jji06/sim_ws/src/f1tenth_gym_ros' returned '0': PYTHONPATH=/home/jji06/sim_ws/build/f1tenth_gym_ros/prefix_override:/usr/lib/python3/dist-packages/colcon_core/task/python/colcon_distutils_commands:/home/jji06/sim_ws/install/f1tenth_gym_ros/lib/python3.8/site-packages:${PYTHONPATH} /usr/bin/python3 -W ignore:setup.py install is deprecated -W ignore:easy_install command is deprecated setup.py egg_info --egg-base ../../build/f1tenth_gym_ros build --build-base /home/jji06/sim_ws/build/f1tenth_gym_ros/build install --record /home/jji06/sim_ws/build/f1tenth_gym_ros/install.log --single-version-externally-managed install_data
