[0.259s] Invoking command in '/home/jji06/sim_ws/build/wall_follow': CMAKE_PREFIX_PATH=${CMAKE_PREFIX_PATH}:/home/jji06/sim_ws/install/f1tenth_gym_ros:/opt/ros/foxy /usr/bin/cmake --build /home/jji06/sim_ws/build/wall_follow -- -j2 -l2
[0.361s] [100%] Built target wall_follow
[0.390s] Invoked command in '/home/jji06/sim_ws/build/wall_follow' returned '0': CMAKE_PREFIX_PATH=${CMAKE_PREFIX_PATH}:/home/jji06/sim_ws/install/f1tenth_gym_ros:/opt/ros/foxy /usr/bin/cmake --build /home/jji06/sim_ws/build/wall_follow -- -j2 -l2
[0.424s] Invoking command in '/home/jji06/sim_ws/build/wall_follow': CMAKE_PREFIX_PATH=${CMAKE_PREFIX_PATH}:/home/jji06/sim_ws/install/f1tenth_gym_ros:/opt/ros/foxy /usr/bin/cmake --install /home/jji06/sim_ws/build/wall_follow
[0.451s] -- Install configuration: ""
[0.452s] -- Up-to-date: /home/jji06/sim_ws/install/wall_follow/lib/wall_follow/wall_follow
[0.452s] -- Up-to-date: /home/jji06/sim_ws/install/wall_follow/share/wall_follow/environment/pythonpath.sh
[0.452s] -- Up-to-date: /home/jji06/sim_ws/install/wall_follow/share/wall_follow/environment/pythonpath.dsv
[0.453s] -- Up-to-date: /home/jji06/sim_ws/install/wall_follow/lib/python3.8/site-packages/wall_follow
[0.453s] -- Up-to-date: /home/jji06/sim_ws/install/wall_follow/lib/python3.8/site-packages/wall_follow/__init__.py
[0.509s] Listing '/home/jji06/sim_ws/install/wall_follow/lib/python3.8/site-packages/wall_follow'...
[0.513s] -- Up-to-date: /home/jji06/sim_ws/install/wall_follow/lib/wall_follow/follower.py
[0.514s] -- Up-to-date: /home/jji06/sim_ws/install/wall_follow/share/wall_follow/scripts
[0.514s] -- Up-to-date: /home/jji06/sim_ws/install/wall_follow/share/wall_follow/scripts/follower.py
[0.514s] -- Up-to-date: /home/jji06/sim_ws/install/wall_follow/share/ament_index/resource_index/package_run_dependencies/wall_follow
[0.515s] -- Up-to-date: /home/jji06/sim_ws/install/wall_follow/share/ament_index/resource_index/parent_prefix_path/wall_follow
[0.515s] -- Up-to-date: /home/jji06/sim_ws/install/wall_follow/share/wall_follow/environment/ament_prefix_path.sh
[0.519s] -- Up-to-date: /home/jji06/sim_ws/install/wall_follow/share/wall_follow/environment/ament_prefix_path.dsv
[0.519s] -- Up-to-date: /home/jji06/sim_ws/install/wall_follow/share/wall_follow/environment/path.sh
[0.519s] -- Up-to-date: /home/jji06/sim_ws/install/wall_follow/share/wall_follow/environment/path.dsv
[0.519s] -- Up-to-date: /home/jji06/sim_ws/install/wall_follow/share/wall_follow/local_setup.bash
[0.519s] -- Up-to-date: /home/jji06/sim_ws/install/wall_follow/share/wall_follow/local_setup.sh
[0.519s] -- Up-to-date: /home/jji06/sim_ws/install/wall_follow/share/wall_follow/local_setup.zsh
[0.520s] -- Up-to-date: /home/jji06/sim_ws/install/wall_follow/share/wall_follow/local_setup.dsv
[0.520s] -- Installing: /home/jji06/sim_ws/install/wall_follow/share/wall_follow/package.dsv
[0.521s] -- Up-to-date: /home/jji06/sim_ws/install/wall_follow/share/ament_index/resource_index/packages/wall_follow
[0.521s] -- Up-to-date: /home/jji06/sim_ws/install/wall_follow/share/wall_follow/cmake/wall_followConfig.cmake
[0.521s] -- Up-to-date: /home/jji06/sim_ws/install/wall_follow/share/wall_follow/cmake/wall_followConfig-version.cmake
[0.522s] -- Up-to-date: /home/jji06/sim_ws/install/wall_follow/share/wall_follow/package.xml
[0.526s] Invoked command in '/home/jji06/sim_ws/build/wall_follow' returned '0': CMAKE_PREFIX_PATH=${CMAKE_PREFIX_PATH}:/home/jji06/sim_ws/install/f1tenth_gym_ros:/opt/ros/foxy /usr/bin/cmake --install /home/jji06/sim_ws/build/wall_follow
