[0.373s] Invoking command in '/home/jji06/sim_ws/src/f1tenth_gym_ros': PYTHONPATH=/home/jji06/sim_ws/build/f1tenth_gym_ros/prefix_override:/usr/lib/python3/dist-packages/colcon_core/task/python/colcon_distutils_commands:/home/jji06/sim_ws/install/f1tenth_gym_ros/lib/python3.8/site-packages:${PYTHONPATH} /usr/bin/python3 -W ignore:setup.py install is deprecated -W ignore:easy_install command is deprecated setup.py egg_info --egg-base ../../build/f1tenth_gym_ros build --build-base /home/jji06/sim_ws/build/f1tenth_gym_ros/build install --record /home/jji06/sim_ws/build/f1tenth_gym_ros/install.log --single-version-externally-managed install_data
[0.481s] running egg_info
[0.482s] writing ../../build/f1tenth_gym_ros/f1tenth_gym_ros.egg-info/PKG-INFO
[0.482s] writing dependency_links to ../../build/f1tenth_gym_ros/f1tenth_gym_ros.egg-info/dependency_links.txt
[0.482s] writing entry points to ../../build/f1tenth_gym_ros/f1tenth_gym_ros.egg-info/entry_points.txt
[0.483s] writing requirements to ../../build/f1tenth_gym_ros/f1tenth_gym_ros.egg-info/requires.txt
[0.483s] writing top-level names to ../../build/f1tenth_gym_ros/f1tenth_gym_ros.egg-info/top_level.txt
[0.501s] reading manifest file '../../build/f1tenth_gym_ros/f1tenth_gym_ros.egg-info/SOURCES.txt'
[0.501s] writing manifest file '../../build/f1tenth_gym_ros/f1tenth_gym_ros.egg-info/SOURCES.txt'
[0.502s] running build
[0.502s] running build_py
[0.502s] running install
[0.503s] running install_lib
[0.504s] running install_data
[0.504s] running install_egg_info
[0.505s] removing '/home/jji06/sim_ws/install/f1tenth_gym_ros/lib/python3.8/site-packages/f1tenth_gym_ros-0.0.0-py3.8.egg-info' (and everything under it)
[0.506s] Copying ../../build/f1tenth_gym_ros/f1tenth_gym_ros.egg-info to /home/jji06/sim_ws/install/f1tenth_gym_ros/lib/python3.8/site-packages/f1tenth_gym_ros-0.0.0-py3.8.egg-info
[0.506s] running install_scripts
[0.516s] Installing gym_bridge script to /home/jji06/sim_ws/install/f1tenth_gym_ros/lib/f1tenth_gym_ros
[0.517s] writing list of installed files to '/home/jji06/sim_ws/build/f1tenth_gym_ros/install.log'
[0.530s] Invoked command in '/home/jji06/sim_ws/src/f1tenth_gym_ros' returned '0': PYTHONPATH=/home/jji06/sim_ws/build/f1tenth_gym_ros/prefix_override:/usr/lib/python3/dist-packages/colcon_core/task/python/colcon_distutils_commands:/home/jji06/sim_ws/install/f1tenth_gym_ros/lib/python3.8/site-packages:${PYTHONPATH} /usr/bin/python3 -W ignore:setup.py install is deprecated -W ignore:easy_install command is deprecated setup.py egg_info --egg-base ../../build/f1tenth_gym_ros build --build-base /home/jji06/sim_ws/build/f1tenth_gym_ros/build install --record /home/jji06/sim_ws/build/f1tenth_gym_ros/install.log --single-version-externally-managed install_data
