[0.254s] Invoking command in '/home/jji06/sim_ws/build/wall_follow': CMAKE_PREFIX_PATH=${CMAKE_PREFIX_PATH}:/home/jji06/sim_ws/install/f1tenth_gym_ros:/opt/ros/foxy /usr/bin/cmake --build /home/jji06/sim_ws/build/wall_follow -- -j2 -l2
[0.446s] [100%] Built target wall_follow
[0.476s] Invoked command in '/home/jji06/sim_ws/build/wall_follow' returned '0': CMAKE_PREFIX_PATH=${CMAKE_PREFIX_PATH}:/home/jji06/sim_ws/install/f1tenth_gym_ros:/opt/ros/foxy /usr/bin/cmake --build /home/jji06/sim_ws/build/wall_follow -- -j2 -l2
[0.495s] Invoking command in '/home/jji06/sim_ws/build/wall_follow': CMAKE_PREFIX_PATH=${CMAKE_PREFIX_PATH}:/home/jji06/sim_ws/install/f1tenth_gym_ros:/opt/ros/foxy /usr/bin/cmake --install /home/jji06/sim_ws/build/wall_follow
[0.563s] -- Install configuration: ""
[0.567s] -- Up-to-date: /home/jji06/sim_ws/install/wall_follow/lib/wall_follow/wall_follow
[0.567s] -- Up-to-date: /home/jji06/sim_ws/install/wall_follow/share/wall_follow/environment/pythonpath.sh
[0.568s] -- Up-to-date: /home/jji06/sim_ws/install/wall_follow/share/wall_follow/environment/pythonpath.dsv
[0.569s] -- Up-to-date: /home/jji06/sim_ws/install/wall_follow/lib/python3.8/site-packages/wall_follow
[0.569s] -- Up-to-date: /home/jji06/sim_ws/install/wall_follow/lib/python3.8/site-packages/wall_follow/__init__.py
[0.614s] Listing '/home/jji06/sim_ws/install/wall_follow/lib/python3.8/site-packages/wall_follow'...
[0.630s] -- Installing: /home/jji06/sim_ws/install/wall_follow/lib/wall_follow/follower.py
[0.630s] -- Up-to-date: /home/jji06/sim_ws/install/wall_follow/share/wall_follow/scripts
[0.630s] -- Installing: /home/jji06/sim_ws/install/wall_follow/share/wall_follow/scripts/follower.py
[0.630s] -- Up-to-date: /home/jji06/sim_ws/install/wall_follow/share/ament_index/resource_index/package_run_dependencies/wall_follow
[0.630s] -- Up-to-date: /home/jji06/sim_ws/install/wall_follow/share/ament_index/resource_index/parent_prefix_path/wall_follow
[0.630s] -- Up-to-date: /home/jji06/sim_ws/install/wall_follow/share/wall_follow/environment/ament_prefix_path.sh
[0.630s] -- Up-to-date: /home/jji06/sim_ws/install/wall_follow/share/wall_follow/environment/ament_prefix_path.dsv
[0.630s] -- Up-to-date: /home/jji06/sim_ws/install/wall_follow/share/wall_follow/environment/path.sh
[0.630s] -- Up-to-date: /home/jji06/sim_ws/install/wall_follow/share/wall_follow/environment/path.dsv
[0.630s] -- Up-to-date: /home/jji06/sim_ws/install/wall_follow/share/wall_follow/local_setup.bash
[0.630s] -- Up-to-date: /home/jji06/sim_ws/install/wall_follow/share/wall_follow/local_setup.sh
[0.630s] -- Up-to-date: /home/jji06/sim_ws/install/wall_follow/share/wall_follow/local_setup.zsh
[0.630s] -- Up-to-date: /home/jji06/sim_ws/install/wall_follow/share/wall_follow/local_setup.dsv
[0.630s] -- Installing: /home/jji06/sim_ws/install/wall_follow/share/wall_follow/package.dsv
[0.630s] -- Up-to-date: /home/jji06/sim_ws/install/wall_follow/share/ament_index/resource_index/packages/wall_follow
[0.630s] -- Up-to-date: /home/jji06/sim_ws/install/wall_follow/share/wall_follow/cmake/wall_followConfig.cmake
[0.630s] -- Up-to-date: /home/jji06/sim_ws/install/wall_follow/share/wall_follow/cmake/wall_followConfig-version.cmake
[0.631s] -- Up-to-date: /home/jji06/sim_ws/install/wall_follow/share/wall_follow/package.xml
[0.636s] Invoked command in '/home/jji06/sim_ws/build/wall_follow' returned '0': CMAKE_PREFIX_PATH=${CMAKE_PREFIX_PATH}:/home/jji06/sim_ws/install/f1tenth_gym_ros:/opt/ros/foxy /usr/bin/cmake --install /home/jji06/sim_ws/build/wall_follow
