[0.012s] Invoking command in '/home/jji06/sim_ws/build/wall_follow': CMAKE_PREFIX_PATH=${CMAKE_PREFIX_PATH}:/home/jji06/sim_ws/install/f1tenth_gym_ros:/opt/ros/foxy /usr/bin/cmake --build /home/jji06/sim_ws/build/wall_follow -- -j2 -l2
[0.077s] [100%] Built target wall_follow
[0.164s] Invoked command in '/home/jji06/sim_ws/build/wall_follow' returned '0': CMAKE_PREFIX_PATH=${CMAKE_PREFIX_PATH}:/home/jji06/sim_ws/install/f1tenth_gym_ros:/opt/ros/foxy /usr/bin/cmake --build /home/jji06/sim_ws/build/wall_follow -- -j2 -l2
[0.179s] Invoking command in '/home/jji06/sim_ws/build/wall_follow': CMAKE_PREFIX_PATH=${CMAKE_PREFIX_PATH}:/home/jji06/sim_ws/install/f1tenth_gym_ros:/opt/ros/foxy /usr/bin/cmake --install /home/jji06/sim_ws/build/wall_follow
[0.191s] -- Install configuration: ""
[0.191s] -- Up-to-date: /home/jji06/sim_ws/install/wall_follow/lib/wall_follow/wall_follow
[0.192s] -- Up-to-date: /home/jji06/sim_ws/install/wall_follow/share/wall_follow/environment/pythonpath.sh
[0.192s] -- Up-to-date: /home/jji06/sim_ws/install/wall_follow/share/wall_follow/environment/pythonpath.dsv
[0.192s] -- Up-to-date: /home/jji06/sim_ws/install/wall_follow/lib/python3.8/site-packages/wall_follow
[0.192s] -- Up-to-date: /home/jji06/sim_ws/install/wall_follow/lib/python3.8/site-packages/wall_follow/__init__.py
[0.202s] Listing '/home/jji06/sim_ws/install/wall_follow/lib/python3.8/site-packages/wall_follow'...
[0.205s] -- Installing: /home/jji06/sim_ws/install/wall_follow/lib/wall_follow/follower.py
[0.205s] -- Up-to-date: /home/jji06/sim_ws/install/wall_follow/share/wall_follow/scripts
[0.205s] -- Installing: /home/jji06/sim_ws/install/wall_follow/share/wall_follow/scripts/follower.py
[0.206s] -- Up-to-date: /home/jji06/sim_ws/install/wall_follow/share/ament_index/resource_index/package_run_dependencies/wall_follow
[0.206s] -- Up-to-date: /home/jji06/sim_ws/install/wall_follow/share/ament_index/resource_index/parent_prefix_path/wall_follow
[0.206s] -- Up-to-date: /home/jji06/sim_ws/install/wall_follow/share/wall_follow/environment/ament_prefix_path.sh
[0.206s] -- Up-to-date: /home/jji06/sim_ws/install/wall_follow/share/wall_follow/environment/ament_prefix_path.dsv
[0.206s] -- Up-to-date: /home/jji06/sim_ws/install/wall_follow/share/wall_follow/environment/path.sh
[0.207s] -- Up-to-date: /home/jji06/sim_ws/install/wall_follow/share/wall_follow/environment/path.dsv
[0.207s] -- Up-to-date: /home/jji06/sim_ws/install/wall_follow/share/wall_follow/local_setup.bash
[0.207s] -- Up-to-date: /home/jji06/sim_ws/install/wall_follow/share/wall_follow/local_setup.sh
[0.207s] -- Up-to-date: /home/jji06/sim_ws/install/wall_follow/share/wall_follow/local_setup.zsh
[0.207s] -- Up-to-date: /home/jji06/sim_ws/install/wall_follow/share/wall_follow/local_setup.dsv
[0.207s] -- Installing: /home/jji06/sim_ws/install/wall_follow/share/wall_follow/package.dsv
[0.207s] -- Up-to-date: /home/jji06/sim_ws/install/wall_follow/share/ament_index/resource_index/packages/wall_follow
[0.207s] -- Up-to-date: /home/jji06/sim_ws/install/wall_follow/share/wall_follow/cmake/wall_followConfig.cmake
[0.207s] -- Up-to-date: /home/jji06/sim_ws/install/wall_follow/share/wall_follow/cmake/wall_followConfig-version.cmake
[0.207s] -- Up-to-date: /home/jji06/sim_ws/install/wall_follow/share/wall_follow/package.xml
[0.210s] Invoked command in '/home/jji06/sim_ws/build/wall_follow' returned '0': CMAKE_PREFIX_PATH=${CMAKE_PREFIX_PATH}:/home/jji06/sim_ws/install/f1tenth_gym_ros:/opt/ros/foxy /usr/bin/cmake --install /home/jji06/sim_ws/build/wall_follow
